2026-07-08T12:04:12.806+05:30  INFO 36261 --- [main] com.example.PaymentserviceApplication    : Starting PaymentserviceApplication using Java 17.0.19 with PID 36261 (/home/hadoop/workspace/payment/target/classes started by hadoop in /home/hadoop/workspace/payment)
2026-07-08T12:04:12.814+05:30 DEBUG 36261 --- [main] com.example.PaymentserviceApplication    : Running with Spring Boot v3.1.0, Spring v6.0.9
2026-07-08T12:04:12.815+05:30  INFO 36261 --- [main] com.example.PaymentserviceApplication    : No active profile set, falling back to 1 default profile: "default"
2026-07-08T12:04:13.790+05:30  INFO 36261 --- [main] .s.d.r.c.RepositoryConfigurationDelegate : Bootstrapping Spring Data MongoDB repositories in DEFAULT mode.
2026-07-08T12:04:13.856+05:30  INFO 36261 --- [main] .s.d.r.c.RepositoryConfigurationDelegate : Finished Spring Data repository scanning in 59 ms. Found 4 MongoDB repository interfaces.
2026-07-08T12:04:14.322+05:30  INFO 36261 --- [main] o.s.b.w.embedded.tomcat.TomcatWebServer  : Tomcat initialized with port(s): 8088 (http)
2026-07-08T12:04:14.336+05:30  INFO 36261 --- [main] o.apache.catalina.core.StandardService   : Starting service [Tomcat]
2026-07-08T12:04:14.336+05:30  INFO 36261 --- [main] o.apache.catalina.core.StandardEngine    : Starting Servlet engine: [Apache Tomcat/10.1.8]
2026-07-08T12:04:14.443+05:30  INFO 36261 --- [main] o.a.c.c.C.[Tomcat].[localhost].[/]       : Initializing Spring embedded WebApplicationContext
2026-07-08T12:04:14.443+05:30  INFO 36261 --- [main] w.s.c.ServletWebServerApplicationContext : Root WebApplicationContext: initialization completed in 1579 ms
2026-07-08T12:04:14.779+05:30  INFO 36261 --- [main] org.mongodb.driver.client                : MongoClient with metadata {"driver": {"name": "mongo-java-driver|sync|spring-boot", "version": "4.9.1"}, "os": {"type": "Linux", "name": "Linux", "architecture": "amd64", "version": "6.17.0-35-generic"}, "platform": "Java/Ubuntu/17.0.19+10-1-24.04.2-Ubuntu"} created with settings MongoClientSettings{readPreference=primary, writeConcern=WriteConcern{w=null, wTimeout=null ms, journal=null}, retryWrites=true, retryReads=true, readConcern=ReadConcern{level=null}, credential=MongoCredential{mechanism=null, userName='testUser', source='test', password=<hidden>, mechanismProperties=<hidden>}, streamFactoryFactory=null, commandListeners=[io.micrometer.core.instrument.binder.mongodb.MongoMetricsCommandListener@4b033eac], codecRegistry=ProvidersCodecRegistry{codecProviders=[ValueCodecProvider{}, BsonValueCodecProvider{}, DBRefCodecProvider{}, DBObjectCodecProvider{}, DocumentCodecProvider{}, CollectionCodecProvider{}, IterableCodecProvider{}, MapCodecProvider{}, GeoJsonCodecProvider{}, GridFSFileCodecProvider{}, Jsr310CodecProvider{}, JsonObjectCodecProvider{}, BsonCodecProvider{}, EnumCodecProvider{}, com.mongodb.client.model.mql.ExpressionCodecProvider@69c532af, com.mongodb.Jep395RecordCodecProvider@45a1d057]}, loggerSettings=LoggerSettings{maxDocumentLength=1000}, clusterSettings={hosts=[localhost:27017], srvServiceName=mongodb, mode=SINGLE, requiredClusterType=UNKNOWN, requiredReplicaSetName='null', serverSelector='null', clusterListeners='[]', serverSelectionTimeout='30000 ms', localThreshold='30000 ms'}, socketSettings=SocketSettings{connectTimeoutMS=10000, readTimeoutMS=0, receiveBufferSize=0, sendBufferSize=0}, heartbeatSocketSettings=SocketSettings{connectTimeoutMS=10000, readTimeoutMS=10000, receiveBufferSize=0, sendBufferSize=0}, connectionPoolSettings=ConnectionPoolSettings{maxSize=100, minSize=0, maxWaitTimeMS=120000, maxConnectionLifeTimeMS=0, maxConnectionIdleTimeMS=0, maintenanceInitialDelayMS=0, maintenanceFrequencyMS=60000, connectionPoolListeners=[io.micrometer.core.instrument.binder.mongodb.MongoMetricsConnectionPoolListener@51a16adf], maxConnecting=2}, serverSettings=ServerSettings{heartbeatFrequencyMS=10000, minHeartbeatFrequencyMS=500, serverListeners='[]', serverMonitorListeners='[]'}, sslSettings=SslSettings{enabled=false, invalidHostNameAllowed=false, context=null}, applicationName='null', compressorList=[], uuidRepresentation=JAVA_LEGACY, serverApi=null, autoEncryptionSettings=null, contextProvider=null}
2026-07-08T12:04:14.804+05:30  INFO 36261 --- [cluster-ClusterId{value='6a4def6695527625eab4a1a0', description='null'}-localhost:27017] org.mongodb.driver.cluster               : Monitor thread successfully connected to server with description ServerDescription{address=localhost:27017, type=STANDALONE, state=CONNECTED, ok=true, minWireVersion=0, maxWireVersion=27, maxDocumentSize=16777216, logicalSessionTimeoutMinutes=30, roundTripTimeNanos=19079687}
2026-07-08T12:04:15.752+05:30  INFO 36261 --- [main] o.s.b.a.e.web.EndpointLinksResolver      : Exposing 1 endpoint(s) beneath base path '/actuator'
2026-07-08T12:04:15.817+05:30  INFO 36261 --- [main] o.s.b.w.embedded.tomcat.TomcatWebServer  : Tomcat started on port(s): 8088 (http) with context path ''
2026-07-08T12:04:15.840+05:30  INFO 36261 --- [main] com.example.PaymentserviceApplication    : Started PaymentserviceApplication in 3.45 seconds (process running for 3.752)
2026-07-08T13:19:25.738+05:30  INFO 42775 --- [main] com.example.PaymentserviceApplication    : Starting PaymentserviceApplication using Java 17.0.19 with PID 42775 (/home/hadoop/workspace/payment/target/classes started by hadoop in /home/hadoop/workspace/payment)
2026-07-08T13:19:25.740+05:30 DEBUG 42775 --- [main] com.example.PaymentserviceApplication    : Running with Spring Boot v3.1.0, Spring v6.0.9
2026-07-08T13:19:25.741+05:30  INFO 42775 --- [main] com.example.PaymentserviceApplication    : No active profile set, falling back to 1 default profile: "default"
2026-07-08T13:19:26.796+05:30  INFO 42775 --- [main] .s.d.r.c.RepositoryConfigurationDelegate : Bootstrapping Spring Data MongoDB repositories in DEFAULT mode.
2026-07-08T13:19:26.871+05:30  INFO 42775 --- [main] .s.d.r.c.RepositoryConfigurationDelegate : Finished Spring Data repository scanning in 68 ms. Found 4 MongoDB repository interfaces.
2026-07-08T13:19:27.361+05:30  INFO 42775 --- [main] o.s.b.w.embedded.tomcat.TomcatWebServer  : Tomcat initialized with port(s): 8088 (http)
2026-07-08T13:19:27.375+05:30  INFO 42775 --- [main] o.apache.catalina.core.StandardService   : Starting service [Tomcat]
2026-07-08T13:19:27.376+05:30  INFO 42775 --- [main] o.apache.catalina.core.StandardEngine    : Starting Servlet engine: [Apache Tomcat/10.1.8]
2026-07-08T13:19:27.493+05:30  INFO 42775 --- [main] o.a.c.c.C.[Tomcat].[localhost].[/]       : Initializing Spring embedded WebApplicationContext
2026-07-08T13:19:27.494+05:30  INFO 42775 --- [main] w.s.c.ServletWebServerApplicationContext : Root WebApplicationContext: initialization completed in 1693 ms
2026-07-08T13:19:27.878+05:30  INFO 42775 --- [main] org.mongodb.driver.client                : MongoClient with metadata {"driver": {"name": "mongo-java-driver|sync|spring-boot", "version": "4.9.1"}, "os": {"type": "Linux", "name": "Linux", "architecture": "amd64", "version": "6.17.0-35-generic"}, "platform": "Java/Ubuntu/17.0.19+10-1-24.04.2-Ubuntu"} created with settings MongoClientSettings{readPreference=primary, writeConcern=WriteConcern{w=null, wTimeout=null ms, journal=null}, retryWrites=true, retryReads=true, readConcern=ReadConcern{level=null}, credential=MongoCredential{mechanism=null, userName='testUser', source='test', password=<hidden>, mechanismProperties=<hidden>}, streamFactoryFactory=null, commandListeners=[io.micrometer.core.instrument.binder.mongodb.MongoMetricsCommandListener@3c19592c], codecRegistry=ProvidersCodecRegistry{codecProviders=[ValueCodecProvider{}, BsonValueCodecProvider{}, DBRefCodecProvider{}, DBObjectCodecProvider{}, DocumentCodecProvider{}, CollectionCodecProvider{}, IterableCodecProvider{}, MapCodecProvider{}, GeoJsonCodecProvider{}, GridFSFileCodecProvider{}, Jsr310CodecProvider{}, JsonObjectCodecProvider{}, BsonCodecProvider{}, EnumCodecProvider{}, com.mongodb.client.model.mql.ExpressionCodecProvider@60e1d87c, com.mongodb.Jep395RecordCodecProvider@2eb60c71]}, loggerSettings=LoggerSettings{maxDocumentLength=1000}, clusterSettings={hosts=[localhost:27017], srvServiceName=mongodb, mode=SINGLE, requiredClusterType=UNKNOWN, requiredReplicaSetName='null', serverSelector='null', clusterListeners='[]', serverSelectionTimeout='30000 ms', localThreshold='30000 ms'}, socketSettings=SocketSettings{connectTimeoutMS=10000, readTimeoutMS=0, receiveBufferSize=0, sendBufferSize=0}, heartbeatSocketSettings=SocketSettings{connectTimeoutMS=10000, readTimeoutMS=10000, receiveBufferSize=0, sendBufferSize=0}, connectionPoolSettings=ConnectionPoolSettings{maxSize=100, minSize=0, maxWaitTimeMS=120000, maxConnectionLifeTimeMS=0, maxConnectionIdleTimeMS=0, maintenanceInitialDelayMS=0, maintenanceFrequencyMS=60000, connectionPoolListeners=[io.micrometer.core.instrument.binder.mongodb.MongoMetricsConnectionPoolListener@87d9a01], maxConnecting=2}, serverSettings=ServerSettings{heartbeatFrequencyMS=10000, minHeartbeatFrequencyMS=500, serverListeners='[]', serverMonitorListeners='[]'}, sslSettings=SslSettings{enabled=false, invalidHostNameAllowed=false, context=null}, applicationName='null', compressorList=[], uuidRepresentation=JAVA_LEGACY, serverApi=null, autoEncryptionSettings=null, contextProvider=null}
2026-07-08T13:19:27.907+05:30  INFO 42775 --- [cluster-ClusterId{value='6a4e01079949b4367a71939f', description='null'}-localhost:27017] org.mongodb.driver.cluster               : Monitor thread successfully connected to server with description ServerDescription{address=localhost:27017, type=STANDALONE, state=CONNECTED, ok=true, minWireVersion=0, maxWireVersion=27, maxDocumentSize=16777216, logicalSessionTimeoutMinutes=30, roundTripTimeNanos=24939204}
2026-07-08T13:19:28.865+05:30  INFO 42775 --- [main] o.s.b.a.e.web.EndpointLinksResolver      : Exposing 1 endpoint(s) beneath base path '/actuator'
2026-07-08T13:19:28.933+05:30  INFO 42775 --- [main] o.s.b.w.embedded.tomcat.TomcatWebServer  : Tomcat started on port(s): 8088 (http) with context path ''
2026-07-08T13:19:28.960+05:30  INFO 42775 --- [main] com.example.PaymentserviceApplication    : Started PaymentserviceApplication in 3.742 seconds (process running for 4.093)
2026-07-08T13:19:41.740+05:30  INFO 42775 --- [http-nio-8088-exec-1] o.a.c.c.C.[Tomcat].[localhost].[/]       : Initializing Spring DispatcherServlet 'dispatcherServlet'
2026-07-08T13:19:41.740+05:30  INFO 42775 --- [http-nio-8088-exec-1] o.s.web.servlet.DispatcherServlet        : Initializing Servlet 'dispatcherServlet'
2026-07-08T13:19:41.743+05:30  INFO 42775 --- [http-nio-8088-exec-1] o.s.web.servlet.DispatcherServlet        : Completed initialization in 2 ms
2026-07-08T13:19:41.923+05:30 DEBUG 42775 --- [http-nio-8088-exec-1] com.example.model.CreditCard             : CreditCard default constructor called.
2026-07-08T13:19:41.924+05:30 DEBUG 42775 --- [http-nio-8088-exec-1] com.example.model.CreditCard             : setCardNumber called with cardNumber: 6666666886666665
2026-07-08T13:19:41.926+05:30 DEBUG 42775 --- [http-nio-8088-exec-1] com.example.model.CreditCard             : setCardHolder called with cardHolder: chandra sharma
2026-07-08T13:19:41.927+05:30 DEBUG 42775 --- [http-nio-8088-exec-1] com.example.model.CreditCard             : setCvv called with cvv: 999
2026-07-08T13:19:41.927+05:30 DEBUG 42775 --- [http-nio-8088-exec-1] com.example.model.CreditCard             : setCardType called with cardType: Visa
2026-07-08T13:19:41.929+05:30 DEBUG 42775 --- [http-nio-8088-exec-1] com.example.model.CreditCard             : setExpiryDate called with expiryDate: 2025-11-30
2026-07-08T13:19:41.932+05:30 DEBUG 42775 --- [http-nio-8088-exec-1] com.example.model.CreditCard             : setBalance called with balance: 5434.00
2026-07-08T13:19:41.933+05:30 DEBUG 42775 --- [http-nio-8088-exec-1] com.example.model.CreditCard             : setCreatedBy called with createdBy: admin
2026-07-08T13:19:41.933+05:30 DEBUG 42775 --- [http-nio-8088-exec-1] com.example.model.CreditCard             : setUpdatedBy called with updatedBy: admin
2026-07-08T13:19:42.257+05:30 ERROR 42775 --- [http-nio-8088-exec-1] o.a.c.c.C.[.[.[/].[dispatcherServlet]    : Servlet.service() for servlet [dispatcherServlet] in context with path [] threw exception [Request processing failed: org.springframework.data.mongodb.UncategorizedMongoDbException: Command failed with error 13 (Unauthorized): 'not authorized on test to execute command { insert: "credit_cards", ordered: true, $db: "test", lsid: { id: UUID("91c2fa83-1884-4b1f-9c04-6c5e37f56072") } }' on server localhost:27017. The full response is {"ok": 0.0, "errmsg": "not authorized on test to execute command { insert: \"credit_cards\", ordered: true, $db: \"test\", lsid: { id: UUID(\"91c2fa83-1884-4b1f-9c04-6c5e37f56072\") } }", "code": 13, "codeName": "Unauthorized"}] with root cause

com.mongodb.MongoCommandException: Command failed with error 13 (Unauthorized): 'not authorized on test to execute command { insert: "credit_cards", ordered: true, $db: "test", lsid: { id: UUID("91c2fa83-1884-4b1f-9c04-6c5e37f56072") } }' on server localhost:27017. The full response is {"ok": 0.0, "errmsg": "not authorized on test to execute command { insert: \"credit_cards\", ordered: true, $db: \"test\", lsid: { id: UUID(\"91c2fa83-1884-4b1f-9c04-6c5e37f56072\") } }", "code": 13, "codeName": "Unauthorized"}
	at com.mongodb.internal.connection.ProtocolHelper.getCommandFailureException(ProtocolHelper.java:205) ~[mongodb-driver-core-4.9.1.jar:na]
	at com.mongodb.internal.connection.InternalStreamConnection.receiveCommandMessageResponse(InternalStreamConnection.java:443) ~[mongodb-driver-core-4.9.1.jar:na]
	at com.mongodb.internal.connection.InternalStreamConnection.sendAndReceive(InternalStreamConnection.java:365) ~[mongodb-driver-core-4.9.1.jar:na]
	at com.mongodb.internal.connection.UsageTrackingInternalConnection.sendAndReceive(UsageTrackingInternalConnection.java:114) ~[mongodb-driver-core-4.9.1.jar:na]
	at com.mongodb.internal.connection.DefaultConnectionPool$PooledConnection.sendAndReceive(DefaultConnectionPool.java:643) ~[mongodb-driver-core-4.9.1.jar:na]
	at com.mongodb.internal.connection.CommandProtocolImpl.execute(CommandProtocolImpl.java:73) ~[mongodb-driver-core-4.9.1.jar:na]
	at com.mongodb.internal.connection.DefaultServer$DefaultServerProtocolExecutor.execute(DefaultServer.java:204) ~[mongodb-driver-core-4.9.1.jar:na]
	at com.mongodb.internal.connection.DefaultServerConnection.executeProtocol(DefaultServerConnection.java:122) ~[mongodb-driver-core-4.9.1.jar:na]
	at com.mongodb.internal.connection.DefaultServerConnection.command(DefaultServerConnection.java:87) ~[mongodb-driver-core-4.9.1.jar:na]
	at com.mongodb.internal.connection.DefaultServer$OperationCountTrackingConnection.command(DefaultServer.java:297) ~[mongodb-driver-core-4.9.1.jar:na]
	at com.mongodb.internal.operation.MixedBulkWriteOperation.executeCommand(MixedBulkWriteOperation.java:393) ~[mongodb-driver-core-4.9.1.jar:na]
	at com.mongodb.internal.operation.MixedBulkWriteOperation.executeBulkWriteBatch(MixedBulkWriteOperation.java:257) ~[mongodb-driver-core-4.9.1.jar:na]
	at com.mongodb.internal.operation.MixedBulkWriteOperation.lambda$execute$0(MixedBulkWriteOperation.java:198) ~[mongodb-driver-core-4.9.1.jar:na]
	at com.mongodb.internal.operation.OperationHelper.lambda$withSourceAndConnection$0(OperationHelper.java:358) ~[mongodb-driver-core-4.9.1.jar:na]
	at com.mongodb.internal.operation.OperationHelper.withSuppliedResource(OperationHelper.java:383) ~[mongodb-driver-core-4.9.1.jar:na]
	at com.mongodb.internal.operation.OperationHelper.lambda$withSourceAndConnection$1(OperationHelper.java:357) ~[mongodb-driver-core-4.9.1.jar:na]
	at com.mongodb.internal.operation.OperationHelper.withSuppliedResource(OperationHelper.java:383) ~[mongodb-driver-core-4.9.1.jar:na]
	at com.mongodb.internal.operation.OperationHelper.withSourceAndConnection(OperationHelper.java:356) ~[mongodb-driver-core-4.9.1.jar:na]
	at com.mongodb.internal.operation.MixedBulkWriteOperation.lambda$execute$1(MixedBulkWriteOperation.java:181) ~[mongodb-driver-core-4.9.1.jar:na]
	at com.mongodb.internal.async.function.RetryingSyncSupplier.get(RetryingSyncSupplier.java:67) ~[mongodb-driver-core-4.9.1.jar:na]
	at com.mongodb.internal.operation.MixedBulkWriteOperation.execute(MixedBulkWriteOperation.java:202) ~[mongodb-driver-core-4.9.1.jar:na]
	at com.mongodb.internal.operation.MixedBulkWriteOperation.execute(MixedBulkWriteOperation.java:76) ~[mongodb-driver-core-4.9.1.jar:na]
	at com.mongodb.client.internal.MongoClientDelegate$DelegateOperationExecutor.execute(MongoClientDelegate.java:206) ~[mongodb-driver-sync-4.9.1.jar:na]
	at com.mongodb.client.internal.MongoCollectionImpl.executeSingleWriteRequest(MongoCollectionImpl.java:1024) ~[mongodb-driver-sync-4.9.1.jar:na]
	at com.mongodb.client.internal.MongoCollectionImpl.executeInsertOne(MongoCollectionImpl.java:475) ~[mongodb-driver-sync-4.9.1.jar:na]
	at com.mongodb.client.internal.MongoCollectionImpl.insertOne(MongoCollectionImpl.java:458) ~[mongodb-driver-sync-4.9.1.jar:na]
	at com.mongodb.client.internal.MongoCollectionImpl.insertOne(MongoCollectionImpl.java:452) ~[mongodb-driver-sync-4.9.1.jar:na]
	at org.springframework.data.mongodb.core.MongoTemplate.lambda$insertDocument$16(MongoTemplate.java:1544) ~[spring-data-mongodb-4.1.0.jar:4.1.0]
	at org.springframework.data.mongodb.core.MongoTemplate.execute(MongoTemplate.java:600) ~[spring-data-mongodb-4.1.0.jar:4.1.0]
	at org.springframework.data.mongodb.core.MongoTemplate.insertDocument(MongoTemplate.java:1538) ~[spring-data-mongodb-4.1.0.jar:4.1.0]
	at org.springframework.data.mongodb.core.MongoTemplate.doInsert(MongoTemplate.java:1334) ~[spring-data-mongodb-4.1.0.jar:4.1.0]
	at org.springframework.data.mongodb.core.MongoTemplate.insert(MongoTemplate.java:1260) ~[spring-data-mongodb-4.1.0.jar:4.1.0]
	at org.springframework.data.mongodb.repository.support.SimpleMongoRepository.save(SimpleMongoRepository.java:93) ~[spring-data-mongodb-4.1.0.jar:4.1.0]
	at java.base/jdk.internal.reflect.NativeMethodAccessorImpl.invoke0(Native Method) ~[na:na]
	at java.base/jdk.internal.reflect.NativeMethodAccessorImpl.invoke(NativeMethodAccessorImpl.java:77) ~[na:na]
	at java.base/jdk.internal.reflect.DelegatingMethodAccessorImpl.invoke(DelegatingMethodAccessorImpl.java:43) ~[na:na]
	at java.base/java.lang.reflect.Method.invoke(Method.java:569) ~[na:na]
	at org.springframework.data.repository.core.support.RepositoryMethodInvoker$RepositoryFragmentMethodInvoker.lambda$new$0(RepositoryMethodInvoker.java:288) ~[spring-data-commons-3.1.0.jar:3.1.0]
	at org.springframework.data.repository.core.support.RepositoryMethodInvoker.doInvoke(RepositoryMethodInvoker.java:136) ~[spring-data-commons-3.1.0.jar:3.1.0]
	at org.springframework.data.repository.core.support.RepositoryMethodInvoker.invoke(RepositoryMethodInvoker.java:120) ~[spring-data-commons-3.1.0.jar:3.1.0]
	at org.springframework.data.repository.core.support.RepositoryComposition$RepositoryFragments.invoke(RepositoryComposition.java:516) ~[spring-data-commons-3.1.0.jar:3.1.0]
	at org.springframework.data.repository.core.support.RepositoryComposition.invoke(RepositoryComposition.java:285) ~[spring-data-commons-3.1.0.jar:3.1.0]
	at org.springframework.data.repository.core.support.RepositoryFactorySupport$ImplementationMethodExecutionInterceptor.invoke(RepositoryFactorySupport.java:628) ~[spring-data-commons-3.1.0.jar:3.1.0]
	at org.springframework.aop.framework.ReflectiveMethodInvocation.proceed(ReflectiveMethodInvocation.java:184) ~[spring-aop-6.0.9.jar:6.0.9]
	at org.springframework.data.repository.core.support.QueryExecutorMethodInterceptor.doInvoke(QueryExecutorMethodInterceptor.java:168) ~[spring-data-commons-3.1.0.jar:3.1.0]
	at org.springframework.data.repository.core.support.QueryExecutorMethodInterceptor.invoke(QueryExecutorMethodInterceptor.java:143) ~[spring-data-commons-3.1.0.jar:3.1.0]
	at org.springframework.aop.framework.ReflectiveMethodInvocation.proceed(ReflectiveMethodInvocation.java:184) ~[spring-aop-6.0.9.jar:6.0.9]
	at org.springframework.data.projection.DefaultMethodInvokingMethodInterceptor.invoke(DefaultMethodInvokingMethodInterceptor.java:77) ~[spring-data-commons-3.1.0.jar:3.1.0]
	at org.springframework.aop.framework.ReflectiveMethodInvocation.proceed(ReflectiveMethodInvocation.java:184) ~[spring-aop-6.0.9.jar:6.0.9]
	at org.springframework.aop.interceptor.ExposeInvocationInterceptor.invoke(ExposeInvocationInterceptor.java:97) ~[spring-aop-6.0.9.jar:6.0.9]
	at org.springframework.aop.framework.ReflectiveMethodInvocation.proceed(ReflectiveMethodInvocation.java:184) ~[spring-aop-6.0.9.jar:6.0.9]
	at org.springframework.aop.framework.JdkDynamicAopProxy.invoke(JdkDynamicAopProxy.java:223) ~[spring-aop-6.0.9.jar:6.0.9]
	at jdk.proxy2/jdk.proxy2.$Proxy105.save(Unknown Source) ~[na:na]
	at com.example.service.PaymentService.addCreditCard(PaymentService.java:56) ~[classes/:na]
	at com.example.controller.PaymentController.addCreditCard(PaymentController.java:65) ~[classes/:na]
	at java.base/jdk.internal.reflect.NativeMethodAccessorImpl.invoke0(Native Method) ~[na:na]
	at java.base/jdk.internal.reflect.NativeMethodAccessorImpl.invoke(NativeMethodAccessorImpl.java:77) ~[na:na]
	at java.base/jdk.internal.reflect.DelegatingMethodAccessorImpl.invoke(DelegatingMethodAccessorImpl.java:43) ~[na:na]
	at java.base/java.lang.reflect.Method.invoke(Method.java:569) ~[na:na]
	at org.springframework.web.method.support.InvocableHandlerMethod.doInvoke(InvocableHandlerMethod.java:207) ~[spring-web-6.0.9.jar:6.0.9]
	at org.springframework.web.method.support.InvocableHandlerMethod.invokeForRequest(InvocableHandlerMethod.java:152) ~[spring-web-6.0.9.jar:6.0.9]
	at org.springframework.web.servlet.mvc.method.annotation.ServletInvocableHandlerMethod.invokeAndHandle(ServletInvocableHandlerMethod.java:118) ~[spring-webmvc-6.0.9.jar:6.0.9]
	at org.springframework.web.servlet.mvc.method.annotation.RequestMappingHandlerAdapter.invokeHandlerMethod(RequestMappingHandlerAdapter.java:884) ~[spring-webmvc-6.0.9.jar:6.0.9]
	at org.springframework.web.servlet.mvc.method.annotation.RequestMappingHandlerAdapter.handleInternal(RequestMappingHandlerAdapter.java:797) ~[spring-webmvc-6.0.9.jar:6.0.9]
	at org.springframework.web.servlet.mvc.method.AbstractHandlerMethodAdapter.handle(AbstractHandlerMethodAdapter.java:87) ~[spring-webmvc-6.0.9.jar:6.0.9]
	at org.springframework.web.servlet.DispatcherServlet.doDispatch(DispatcherServlet.java:1081) ~[spring-webmvc-6.0.9.jar:6.0.9]
	at org.springframework.web.servlet.DispatcherServlet.doService(DispatcherServlet.java:974) ~[spring-webmvc-6.0.9.jar:6.0.9]
	at org.springframework.web.servlet.FrameworkServlet.processRequest(FrameworkServlet.java:1011) ~[spring-webmvc-6.0.9.jar:6.0.9]
	at org.springframework.web.servlet.FrameworkServlet.doPost(FrameworkServlet.java:914) ~[spring-webmvc-6.0.9.jar:6.0.9]
	at jakarta.servlet.http.HttpServlet.service(HttpServlet.java:590) ~[tomcat-embed-core-10.1.8.jar:6.0]
	at org.springframework.web.servlet.FrameworkServlet.service(FrameworkServlet.java:885) ~[spring-webmvc-6.0.9.jar:6.0.9]
	at jakarta.servlet.http.HttpServlet.service(HttpServlet.java:658) ~[tomcat-embed-core-10.1.8.jar:6.0]
	at org.apache.catalina.core.ApplicationFilterChain.internalDoFilter(ApplicationFilterChain.java:205) ~[tomcat-embed-core-10.1.8.jar:10.1.8]
	at org.apache.catalina.core.ApplicationFilterChain.doFilter(ApplicationFilterChain.java:149) ~[tomcat-embed-core-10.1.8.jar:10.1.8]
	at org.apache.tomcat.websocket.server.WsFilter.doFilter(WsFilter.java:51) ~[tomcat-embed-websocket-10.1.8.jar:10.1.8]
	at org.apache.catalina.core.ApplicationFilterChain.internalDoFilter(ApplicationFilterChain.java:174) ~[tomcat-embed-core-10.1.8.jar:10.1.8]
	at org.apache.catalina.core.ApplicationFilterChain.doFilter(ApplicationFilterChain.java:149) ~[tomcat-embed-core-10.1.8.jar:10.1.8]
	at org.springframework.web.filter.RequestContextFilter.doFilterInternal(RequestContextFilter.java:100) ~[spring-web-6.0.9.jar:6.0.9]
	at org.springframework.web.filter.OncePerRequestFilter.doFilter(OncePerRequestFilter.java:116) ~[spring-web-6.0.9.jar:6.0.9]
	at org.apache.catalina.core.ApplicationFilterChain.internalDoFilter(ApplicationFilterChain.java:174) ~[tomcat-embed-core-10.1.8.jar:10.1.8]
	at org.apache.catalina.core.ApplicationFilterChain.doFilter(ApplicationFilterChain.java:149) ~[tomcat-embed-core-10.1.8.jar:10.1.8]
	at org.springframework.web.filter.FormContentFilter.doFilterInternal(FormContentFilter.java:93) ~[spring-web-6.0.9.jar:6.0.9]
	at org.springframework.web.filter.OncePerRequestFilter.doFilter(OncePerRequestFilter.java:116) ~[spring-web-6.0.9.jar:6.0.9]
	at org.apache.catalina.core.ApplicationFilterChain.internalDoFilter(ApplicationFilterChain.java:174) ~[tomcat-embed-core-10.1.8.jar:10.1.8]
	at org.apache.catalina.core.ApplicationFilterChain.doFilter(ApplicationFilterChain.java:149) ~[tomcat-embed-core-10.1.8.jar:10.1.8]
	at org.springframework.web.filter.ServerHttpObservationFilter.doFilterInternal(ServerHttpObservationFilter.java:109) ~[spring-web-6.0.9.jar:6.0.9]
	at org.springframework.web.filter.OncePerRequestFilter.doFilter(OncePerRequestFilter.java:116) ~[spring-web-6.0.9.jar:6.0.9]
	at org.apache.catalina.core.ApplicationFilterChain.internalDoFilter(ApplicationFilterChain.java:174) ~[tomcat-embed-core-10.1.8.jar:10.1.8]
	at org.apache.catalina.core.ApplicationFilterChain.doFilter(ApplicationFilterChain.java:149) ~[tomcat-embed-core-10.1.8.jar:10.1.8]
	at org.springframework.web.filter.CharacterEncodingFilter.doFilterInternal(CharacterEncodingFilter.java:201) ~[spring-web-6.0.9.jar:6.0.9]
	at org.springframework.web.filter.OncePerRequestFilter.doFilter(OncePerRequestFilter.java:116) ~[spring-web-6.0.9.jar:6.0.9]
	at org.apache.catalina.core.ApplicationFilterChain.internalDoFilter(ApplicationFilterChain.java:174) ~[tomcat-embed-core-10.1.8.jar:10.1.8]
	at org.apache.catalina.core.ApplicationFilterChain.doFilter(ApplicationFilterChain.java:149) ~[tomcat-embed-core-10.1.8.jar:10.1.8]
	at org.apache.catalina.core.StandardWrapperValve.invoke(StandardWrapperValve.java:166) ~[tomcat-embed-core-10.1.8.jar:10.1.8]
	at org.apache.catalina.core.StandardContextValve.invoke(StandardContextValve.java:90) ~[tomcat-embed-core-10.1.8.jar:10.1.8]
	at org.apache.catalina.authenticator.AuthenticatorBase.invoke(AuthenticatorBase.java:482) ~[tomcat-embed-core-10.1.8.jar:10.1.8]
	at org.apache.catalina.core.StandardHostValve.invoke(StandardHostValve.java:115) ~[tomcat-embed-core-10.1.8.jar:10.1.8]
	at org.apache.catalina.valves.ErrorReportValve.invoke(ErrorReportValve.java:93) ~[tomcat-embed-core-10.1.8.jar:10.1.8]
	at org.apache.catalina.core.StandardEngineValve.invoke(StandardEngineValve.java:74) ~[tomcat-embed-core-10.1.8.jar:10.1.8]
	at org.apache.catalina.connector.CoyoteAdapter.service(CoyoteAdapter.java:341) ~[tomcat-embed-core-10.1.8.jar:10.1.8]
	at org.apache.coyote.http11.Http11Processor.service(Http11Processor.java:390) ~[tomcat-embed-core-10.1.8.jar:10.1.8]
	at org.apache.coyote.AbstractProcessorLight.process(AbstractProcessorLight.java:63) ~[tomcat-embed-core-10.1.8.jar:10.1.8]
	at org.apache.coyote.AbstractProtocol$ConnectionHandler.process(AbstractProtocol.java:894) ~[tomcat-embed-core-10.1.8.jar:10.1.8]
	at org.apache.tomcat.util.net.NioEndpoint$SocketProcessor.doRun(NioEndpoint.java:1741) ~[tomcat-embed-core-10.1.8.jar:10.1.8]
	at org.apache.tomcat.util.net.SocketProcessorBase.run(SocketProcessorBase.java:52) ~[tomcat-embed-core-10.1.8.jar:10.1.8]
	at org.apache.tomcat.util.threads.ThreadPoolExecutor.runWorker(ThreadPoolExecutor.java:1191) ~[tomcat-embed-core-10.1.8.jar:10.1.8]
	at org.apache.tomcat.util.threads.ThreadPoolExecutor$Worker.run(ThreadPoolExecutor.java:659) ~[tomcat-embed-core-10.1.8.jar:10.1.8]
	at org.apache.tomcat.util.threads.TaskThread$WrappingRunnable.run(TaskThread.java:61) ~[tomcat-embed-core-10.1.8.jar:10.1.8]
	at java.base/java.lang.Thread.run(Thread.java:840) ~[na:na]

2026-07-08T13:27:19.225+05:30 DEBUG 42775 --- [http-nio-8088-exec-4] com.example.model.CreditCard             : CreditCard default constructor called.
2026-07-08T13:27:19.233+05:30 DEBUG 42775 --- [http-nio-8088-exec-4] com.example.model.CreditCard             : setCardNumber called with cardNumber: 6666666886666665
2026-07-08T13:27:19.234+05:30 DEBUG 42775 --- [http-nio-8088-exec-4] com.example.model.CreditCard             : setCardHolder called with cardHolder: chandra sharma
2026-07-08T13:27:19.234+05:30 DEBUG 42775 --- [http-nio-8088-exec-4] com.example.model.CreditCard             : setCvv called with cvv: 999
2026-07-08T13:27:19.234+05:30 DEBUG 42775 --- [http-nio-8088-exec-4] com.example.model.CreditCard             : setCardType called with cardType: Visa
2026-07-08T13:27:19.235+05:30 DEBUG 42775 --- [http-nio-8088-exec-4] com.example.model.CreditCard             : setExpiryDate called with expiryDate: 2025-11-30
2026-07-08T13:27:19.235+05:30 DEBUG 42775 --- [http-nio-8088-exec-4] com.example.model.CreditCard             : setBalance called with balance: 5434.00
2026-07-08T13:27:19.235+05:30 DEBUG 42775 --- [http-nio-8088-exec-4] com.example.model.CreditCard             : setCreatedBy called with createdBy: admin
2026-07-08T13:27:19.235+05:30 DEBUG 42775 --- [http-nio-8088-exec-4] com.example.model.CreditCard             : setUpdatedBy called with updatedBy: admin
2026-07-08T13:27:19.288+05:30 DEBUG 42775 --- [http-nio-8088-exec-4] com.example.model.CreditCard             : getId called.
2026-07-08T13:27:19.288+05:30 DEBUG 42775 --- [http-nio-8088-exec-4] com.example.model.CreditCard             : getCardNumber called.
2026-07-08T13:27:19.288+05:30 DEBUG 42775 --- [http-nio-8088-exec-4] com.example.model.CreditCard             : getCardHolder called.
2026-07-08T13:27:19.288+05:30 DEBUG 42775 --- [http-nio-8088-exec-4] com.example.model.CreditCard             : getCvv called.
2026-07-08T13:27:19.288+05:30 DEBUG 42775 --- [http-nio-8088-exec-4] com.example.model.CreditCard             : getExpiryDate called.
2026-07-08T13:27:19.289+05:30 DEBUG 42775 --- [http-nio-8088-exec-4] com.example.model.CreditCard             : getBalance called.
2026-07-08T13:27:19.294+05:30 DEBUG 42775 --- [http-nio-8088-exec-4] com.example.model.CreditCard             : getCardType called.
2026-07-08T13:27:19.294+05:30 DEBUG 42775 --- [http-nio-8088-exec-4] com.example.model.CreditCard             : getCreditLimit called.
2026-07-08T13:27:19.294+05:30 DEBUG 42775 --- [http-nio-8088-exec-4] com.example.model.CreditCard             : getStatus called.
2026-07-08T13:27:19.294+05:30 DEBUG 42775 --- [http-nio-8088-exec-4] com.example.model.CreditCard             : getBillingAddress called.
2026-07-08T13:27:19.294+05:30 DEBUG 42775 --- [http-nio-8088-exec-4] com.example.model.CreditCard             : getShippingAddress called.
2026-07-08T13:27:19.294+05:30 DEBUG 42775 --- [http-nio-8088-exec-4] com.example.model.CreditCard             : getLastTransactionDate called.
2026-07-08T13:27:19.295+05:30 DEBUG 42775 --- [http-nio-8088-exec-4] com.example.model.CreditCard             : getRewardPoints called.
2026-07-08T13:27:19.295+05:30 DEBUG 42775 --- [http-nio-8088-exec-4] com.example.model.CreditCard             : getInterestRate called.
2026-07-08T13:27:19.295+05:30 DEBUG 42775 --- [http-nio-8088-exec-4] com.example.model.CreditCard             : getMinimumPayment called.
2026-07-08T13:27:19.295+05:30 DEBUG 42775 --- [http-nio-8088-exec-4] com.example.model.CreditCard             : getLastPaymentDate called.
2026-07-08T13:27:19.295+05:30 DEBUG 42775 --- [http-nio-8088-exec-4] com.example.model.CreditCard             : getCurrency called.
2026-07-08T13:27:19.296+05:30 DEBUG 42775 --- [http-nio-8088-exec-4] com.example.model.CreditCard             : getSecurityQuestion called.
2026-07-08T13:27:19.296+05:30 DEBUG 42775 --- [http-nio-8088-exec-4] com.example.model.CreditCard             : getSecurityAnswer called.
2026-07-08T13:27:19.296+05:30 DEBUG 42775 --- [http-nio-8088-exec-4] com.example.model.CreditCard             : getCreatedBy called.
2026-07-08T13:27:19.296+05:30 DEBUG 42775 --- [http-nio-8088-exec-4] com.example.model.CreditCard             : getUpdatedBy called.
2026-07-08T13:27:19.296+05:30 DEBUG 42775 --- [http-nio-8088-exec-4] com.example.model.CreditCard             : getCreatedAt called.
2026-07-08T13:27:19.297+05:30 DEBUG 42775 --- [http-nio-8088-exec-4] com.example.model.CreditCard             : getUpdatedAt called.
2026-07-08T13:27:19.297+05:30 DEBUG 42775 --- [http-nio-8088-exec-4] com.example.model.CreditCard             : isActive called.
2026-07-08T14:31:23.385+05:30 DEBUG 42775 --- [http-nio-8088-exec-2] com.example.model.CreditCard             : CreditCard default constructor called.
2026-07-08T14:31:23.385+05:30 DEBUG 42775 --- [http-nio-8088-exec-2] com.example.model.CreditCard             : setCardNumber called with cardNumber: 6666666886666633
2026-07-08T14:31:23.385+05:30 DEBUG 42775 --- [http-nio-8088-exec-2] com.example.model.CreditCard             : setCardHolder called with cardHolder: chandra sharma
2026-07-08T14:31:23.385+05:30 DEBUG 42775 --- [http-nio-8088-exec-2] com.example.model.CreditCard             : setCvv called with cvv: 999
2026-07-08T14:31:23.386+05:30 DEBUG 42775 --- [http-nio-8088-exec-2] com.example.model.CreditCard             : setCardType called with cardType: Visa
2026-07-08T14:31:23.386+05:30 DEBUG 42775 --- [http-nio-8088-exec-2] com.example.model.CreditCard             : setExpiryDate called with expiryDate: 2025-11-30
2026-07-08T14:31:23.386+05:30 DEBUG 42775 --- [http-nio-8088-exec-2] com.example.model.CreditCard             : setBalance called with balance: 55434.00
2026-07-08T14:31:23.386+05:30 DEBUG 42775 --- [http-nio-8088-exec-2] com.example.model.CreditCard             : setCreatedBy called with createdBy: admin
2026-07-08T14:31:23.386+05:30 DEBUG 42775 --- [http-nio-8088-exec-2] com.example.model.CreditCard             : setUpdatedBy called with updatedBy: admin
2026-07-08T14:31:23.391+05:30 DEBUG 42775 --- [http-nio-8088-exec-2] com.example.model.CreditCard             : getId called.
2026-07-08T14:31:23.391+05:30 DEBUG 42775 --- [http-nio-8088-exec-2] com.example.model.CreditCard             : getCardNumber called.
2026-07-08T14:31:23.391+05:30 DEBUG 42775 --- [http-nio-8088-exec-2] com.example.model.CreditCard             : getCardHolder called.
2026-07-08T14:31:23.391+05:30 DEBUG 42775 --- [http-nio-8088-exec-2] com.example.model.CreditCard             : getCvv called.
2026-07-08T14:31:23.391+05:30 DEBUG 42775 --- [http-nio-8088-exec-2] com.example.model.CreditCard             : getExpiryDate called.
2026-07-08T14:31:23.391+05:30 DEBUG 42775 --- [http-nio-8088-exec-2] com.example.model.CreditCard             : getBalance called.
2026-07-08T14:31:23.391+05:30 DEBUG 42775 --- [http-nio-8088-exec-2] com.example.model.CreditCard             : getCardType called.
2026-07-08T14:31:23.392+05:30 DEBUG 42775 --- [http-nio-8088-exec-2] com.example.model.CreditCard             : getCreditLimit called.
2026-07-08T14:31:23.392+05:30 DEBUG 42775 --- [http-nio-8088-exec-2] com.example.model.CreditCard             : getStatus called.
2026-07-08T14:31:23.392+05:30 DEBUG 42775 --- [http-nio-8088-exec-2] com.example.model.CreditCard             : getBillingAddress called.
2026-07-08T14:31:23.392+05:30 DEBUG 42775 --- [http-nio-8088-exec-2] com.example.model.CreditCard             : getShippingAddress called.
2026-07-08T14:31:23.392+05:30 DEBUG 42775 --- [http-nio-8088-exec-2] com.example.model.CreditCard             : getLastTransactionDate called.
2026-07-08T14:31:23.392+05:30 DEBUG 42775 --- [http-nio-8088-exec-2] com.example.model.CreditCard             : getRewardPoints called.
2026-07-08T14:31:23.392+05:30 DEBUG 42775 --- [http-nio-8088-exec-2] com.example.model.CreditCard             : getInterestRate called.
2026-07-08T14:31:23.392+05:30 DEBUG 42775 --- [http-nio-8088-exec-2] com.example.model.CreditCard             : getMinimumPayment called.
2026-07-08T14:31:23.392+05:30 DEBUG 42775 --- [http-nio-8088-exec-2] com.example.model.CreditCard             : getLastPaymentDate called.
2026-07-08T14:31:23.392+05:30 DEBUG 42775 --- [http-nio-8088-exec-2] com.example.model.CreditCard             : getCurrency called.
2026-07-08T14:31:23.392+05:30 DEBUG 42775 --- [http-nio-8088-exec-2] com.example.model.CreditCard             : getSecurityQuestion called.
2026-07-08T14:31:23.393+05:30 DEBUG 42775 --- [http-nio-8088-exec-2] com.example.model.CreditCard             : getSecurityAnswer called.
2026-07-08T14:31:23.393+05:30 DEBUG 42775 --- [http-nio-8088-exec-2] com.example.model.CreditCard             : getCreatedBy called.
2026-07-08T14:31:23.393+05:30 DEBUG 42775 --- [http-nio-8088-exec-2] com.example.model.CreditCard             : getUpdatedBy called.
2026-07-08T14:31:23.393+05:30 DEBUG 42775 --- [http-nio-8088-exec-2] com.example.model.CreditCard             : getCreatedAt called.
2026-07-08T14:31:23.393+05:30 DEBUG 42775 --- [http-nio-8088-exec-2] com.example.model.CreditCard             : getUpdatedAt called.
2026-07-08T14:31:23.393+05:30 DEBUG 42775 --- [http-nio-8088-exec-2] com.example.model.CreditCard             : isActive called.
2026-07-08T14:32:04.263+05:30 DEBUG 42775 --- [http-nio-8088-exec-3] com.example.model.CreditCard             : CreditCard default constructor called.
2026-07-08T14:32:04.271+05:30 DEBUG 42775 --- [http-nio-8088-exec-3] com.example.model.CreditCard             : CreditCard default constructor called.
2026-07-08T14:32:04.273+05:30 DEBUG 42775 --- [http-nio-8088-exec-3] com.example.model.CreditCard             : getId called.
2026-07-08T14:32:04.274+05:30 DEBUG 42775 --- [http-nio-8088-exec-3] com.example.model.CreditCard             : getCardNumber called.
2026-07-08T14:32:04.274+05:30 DEBUG 42775 --- [http-nio-8088-exec-3] com.example.model.CreditCard             : getCardHolder called.
2026-07-08T14:32:04.274+05:30 DEBUG 42775 --- [http-nio-8088-exec-3] com.example.model.CreditCard             : getCvv called.
2026-07-08T14:32:04.274+05:30 DEBUG 42775 --- [http-nio-8088-exec-3] com.example.model.CreditCard             : getExpiryDate called.
2026-07-08T14:32:04.274+05:30 DEBUG 42775 --- [http-nio-8088-exec-3] com.example.model.CreditCard             : getBalance called.
2026-07-08T14:32:04.274+05:30 DEBUG 42775 --- [http-nio-8088-exec-3] com.example.model.CreditCard             : getCardType called.
2026-07-08T14:32:04.274+05:30 DEBUG 42775 --- [http-nio-8088-exec-3] com.example.model.CreditCard             : getCreditLimit called.
2026-07-08T14:32:04.274+05:30 DEBUG 42775 --- [http-nio-8088-exec-3] com.example.model.CreditCard             : getStatus called.
2026-07-08T14:32:04.274+05:30 DEBUG 42775 --- [http-nio-8088-exec-3] com.example.model.CreditCard             : getBillingAddress called.
2026-07-08T14:32:04.274+05:30 DEBUG 42775 --- [http-nio-8088-exec-3] com.example.model.CreditCard             : getShippingAddress called.
2026-07-08T14:32:04.274+05:30 DEBUG 42775 --- [http-nio-8088-exec-3] com.example.model.CreditCard             : getLastTransactionDate called.
2026-07-08T14:32:04.275+05:30 DEBUG 42775 --- [http-nio-8088-exec-3] com.example.model.CreditCard             : getRewardPoints called.
2026-07-08T14:32:04.275+05:30 DEBUG 42775 --- [http-nio-8088-exec-3] com.example.model.CreditCard             : getInterestRate called.
2026-07-08T14:32:04.275+05:30 DEBUG 42775 --- [http-nio-8088-exec-3] com.example.model.CreditCard             : getMinimumPayment called.
2026-07-08T14:32:04.275+05:30 DEBUG 42775 --- [http-nio-8088-exec-3] com.example.model.CreditCard             : getLastPaymentDate called.
2026-07-08T14:32:04.275+05:30 DEBUG 42775 --- [http-nio-8088-exec-3] com.example.model.CreditCard             : getCurrency called.
2026-07-08T14:32:04.275+05:30 DEBUG 42775 --- [http-nio-8088-exec-3] com.example.model.CreditCard             : getSecurityQuestion called.
2026-07-08T14:32:04.275+05:30 DEBUG 42775 --- [http-nio-8088-exec-3] com.example.model.CreditCard             : getSecurityAnswer called.
2026-07-08T14:32:04.275+05:30 DEBUG 42775 --- [http-nio-8088-exec-3] com.example.model.CreditCard             : getCreatedBy called.
2026-07-08T14:32:04.275+05:30 DEBUG 42775 --- [http-nio-8088-exec-3] com.example.model.CreditCard             : getUpdatedBy called.
2026-07-08T14:32:04.275+05:30 DEBUG 42775 --- [http-nio-8088-exec-3] com.example.model.CreditCard             : getCreatedAt called.
2026-07-08T14:32:04.276+05:30 DEBUG 42775 --- [http-nio-8088-exec-3] com.example.model.CreditCard             : getUpdatedAt called.
2026-07-08T14:32:04.276+05:30 DEBUG 42775 --- [http-nio-8088-exec-3] com.example.model.CreditCard             : isActive called.
2026-07-08T14:32:04.276+05:30 DEBUG 42775 --- [http-nio-8088-exec-3] com.example.model.CreditCard             : getId called.
2026-07-08T14:32:04.276+05:30 DEBUG 42775 --- [http-nio-8088-exec-3] com.example.model.CreditCard             : getCardNumber called.
2026-07-08T14:32:04.276+05:30 DEBUG 42775 --- [http-nio-8088-exec-3] com.example.model.CreditCard             : getCardHolder called.
2026-07-08T14:32:04.276+05:30 DEBUG 42775 --- [http-nio-8088-exec-3] com.example.model.CreditCard             : getCvv called.
2026-07-08T14:32:04.276+05:30 DEBUG 42775 --- [http-nio-8088-exec-3] com.example.model.CreditCard             : getExpiryDate called.
2026-07-08T14:32:04.276+05:30 DEBUG 42775 --- [http-nio-8088-exec-3] com.example.model.CreditCard             : getBalance called.
2026-07-08T14:32:04.276+05:30 DEBUG 42775 --- [http-nio-8088-exec-3] com.example.model.CreditCard             : getCardType called.
2026-07-08T14:32:04.277+05:30 DEBUG 42775 --- [http-nio-8088-exec-3] com.example.model.CreditCard             : getCreditLimit called.
2026-07-08T14:32:04.277+05:30 DEBUG 42775 --- [http-nio-8088-exec-3] com.example.model.CreditCard             : getStatus called.
2026-07-08T14:32:04.277+05:30 DEBUG 42775 --- [http-nio-8088-exec-3] com.example.model.CreditCard             : getBillingAddress called.
2026-07-08T14:32:04.277+05:30 DEBUG 42775 --- [http-nio-8088-exec-3] com.example.model.CreditCard             : getShippingAddress called.
2026-07-08T14:32:04.277+05:30 DEBUG 42775 --- [http-nio-8088-exec-3] com.example.model.CreditCard             : getLastTransactionDate called.
2026-07-08T14:32:04.277+05:30 DEBUG 42775 --- [http-nio-8088-exec-3] com.example.model.CreditCard             : getRewardPoints called.
2026-07-08T14:32:04.277+05:30 DEBUG 42775 --- [http-nio-8088-exec-3] com.example.model.CreditCard             : getInterestRate called.
2026-07-08T14:32:04.277+05:30 DEBUG 42775 --- [http-nio-8088-exec-3] com.example.model.CreditCard             : getMinimumPayment called.
2026-07-08T14:32:04.277+05:30 DEBUG 42775 --- [http-nio-8088-exec-3] com.example.model.CreditCard             : getLastPaymentDate called.
2026-07-08T14:32:04.277+05:30 DEBUG 42775 --- [http-nio-8088-exec-3] com.example.model.CreditCard             : getCurrency called.
2026-07-08T14:32:04.277+05:30 DEBUG 42775 --- [http-nio-8088-exec-3] com.example.model.CreditCard             : getSecurityQuestion called.
2026-07-08T14:32:04.277+05:30 DEBUG 42775 --- [http-nio-8088-exec-3] com.example.model.CreditCard             : getSecurityAnswer called.
2026-07-08T14:32:04.278+05:30 DEBUG 42775 --- [http-nio-8088-exec-3] com.example.model.CreditCard             : getCreatedBy called.
2026-07-08T14:32:04.278+05:30 DEBUG 42775 --- [http-nio-8088-exec-3] com.example.model.CreditCard             : getUpdatedBy called.
2026-07-08T14:32:04.278+05:30 DEBUG 42775 --- [http-nio-8088-exec-3] com.example.model.CreditCard             : getCreatedAt called.
2026-07-08T14:32:04.278+05:30 DEBUG 42775 --- [http-nio-8088-exec-3] com.example.model.CreditCard             : getUpdatedAt called.
2026-07-08T14:32:04.278+05:30 DEBUG 42775 --- [http-nio-8088-exec-3] com.example.model.CreditCard             : isActive called.
